0 verbose cli C:\Program Files\nodejs\node.exe C:\Program Files\nodejs\node_modules\npm\bin\npm-cli.js
1 info using npm@11.6.2
2 info using node@v24.12.0
3 silly config load:file:C:\Program Files\nodejs\node_modules\npm\npmrc
4 silly config load:file:C:\naan muthalvan 1\.npmrc
5 silly config load:file:C:\Users\yokes\.npmrc
6 silly config load:file:C:\Users\yokes\AppData\Roaming\npm\etc\npmrc
7 verbose title npm create vite@latest
8 verbose argv "create" "vite@latest"
9 verbose logfile logs-max:10 dir:C:\naan muthalvan 1\clean\_logs\2026-06-24T17_27_56_275Z-
10 verbose logfile C:\naan muthalvan 1\clean\_logs\2026-06-24T17_27_56_275Z-debug-0.log
11 silly logfile done cleaning log files
12 silly packumentCache heap:4496293888 maxSize:1124073472 maxEntrySize:562036736
13 http fetch GET 200 https://registry.npmjs.org/create-vite 369ms (cache miss)
14 silly packumentCache heap:4496293888 maxSize:1124073472 maxEntrySize:562036736
15 http fetch GET 200 https://registry.npmjs.org/npm 1236ms
16 silly idealTree buildDeps
17 silly fetch manifest create-vite@9.1.0
18 silly packumentCache full:https://registry.npmjs.org/create-vite cache-miss
19 http fetch GET 200 https://registry.npmjs.org/create-vite 145ms (cache miss)
20 silly packumentCache full:https://registry.npmjs.org/create-vite set size:undefined disposed:false
21 silly placeDep ROOT create-vite@9.1.0 OK for:  want: 9.1.0
22 silly reify moves {}
23 silly audit bulk request { 'create-vite': [ '9.1.0' ] }
24 http cache create-vite@https://registry.npmjs.org/create-vite/-/create-vite-9.1.0.tgz 0ms (cache hit)
25 silly tarball no local data for create-vite@https://registry.npmjs.org/create-vite/-/create-vite-9.1.0.tgz. Extracting by manifest.
26 http fetch POST 200 https://registry.npmjs.org/-/npm/v1/security/advisories/bulk 453ms
27 silly audit report {}
28 http fetch GET 200 https://registry.npmjs.org/create-vite/-/create-vite-9.1.0.tgz 1094ms (cache miss)
